<?xml version="1.0" encoding="UTF-8"?>
<testsuite name="com.example.project.TestFibonacci" tests="5" skipped="0" failures="0" errors="0" timestamp="2025-01-09T16:25:25" hostname="codespaces-15c29b" time="0.063">
  <properties/>
  <testcase name="testGetIndexOf()" classname="com.example.project.TestFibonacci" time="0.024"/>
  <testcase name="testGetSequence()" classname="com.example.project.TestFibonacci" time="0.004"/>
  <testcase name="testExtendBy()" classname="com.example.project.TestFibonacci" time="0.003"/>
  <testcase name="testFibonacciString()" classname="com.example.project.TestFibonacci" time="0.021"/>
  <testcase name="testConstructor()" classname="com.example.project.TestFibonacci" time="0.001"/>
  <system-out><![CDATA[]]></system-out>
  <system-err><![CDATA[]]></system-err>
</testsuite>
